Determining if the pthread_create exist failed with the following output:
Change Dir: /home/yukari/catkin_ws/build/CMakeFiles/CMakeTmp

Run Build Command:/usr/bin/make "cmTryCompileExec2511880025/fast"
/usr/bin/make -f CMakeFiles/cmTryCompileExec2511880025.dir/build.make CMakeFiles/cmTryCompileExec2511880025.dir/build
make[1]: ディレクトリ `/home/yukari/catkin_ws/build/CMakeFiles/CMakeTmp' に入ります
/usr/bin/cmake -E cmake_progress_report /home/yukari/catkin_ws/build/CMakeFiles/CMakeTmp/CMakeFiles 1
Building C object CMakeFiles/cmTryCompileExec2511880025.dir/CheckSymbolExists.c.o
/usr/bin/cc    -o CMakeFiles/cmTryCompileExec2511880025.dir/CheckSymbolExists.c.o   -c /home/yukari/catkin_ws/build/CMakeFiles/CMakeTmp/CheckSymbolExists.c
Linking C executable cmTryCompileExec2511880025
/usr/bin/cmake -E cmake_link_script CMakeFiles/cmTryCompileExec2511880025.dir/link.txt --verbose=1
/usr/bin/cc       CMakeFiles/cmTryCompileExec2511880025.dir/CheckSymbolExists.c.o  -o cmTryCompileExec2511880025 -rdynamic 
CMakeFiles/cmTryCompileExec2511880025.dir/CheckSymbolExists.c.o: 関数 `main' 内:
CheckSymbolExists.c:(.text+0x16): `pthread_create' に対する定義されていない参照です
collect2: error: ld returned 1 exit status
make[1]: ディレクトリ `/home/yukari/catkin_ws/build/CMakeFiles/CMakeTmp' から出ます
make[1]: *** [cmTryCompileExec2511880025] エラー 1
make: *** [cmTryCompileExec2511880025/fast] エラー 2

File /home/yukari/catkin_ws/build/CMakeFiles/CMakeTmp/CheckSymbolExists.c:
/* */
#include <pthread.h>

int main(int argc, char** argv)
{
  (void)argv;
#ifndef pthread_create
  return ((int*)(&pthread_create))[argc];
#else
  (void)argc;
  return 0;
#endif
}

Determining if the function pthread_create exists in the pthreads failed with the following output:
Change Dir: /home/yukari/catkin_ws/build/CMakeFiles/CMakeTmp

Run Build Command:/usr/bin/make "cmTryCompileExec3957005134/fast"
/usr/bin/make -f CMakeFiles/cmTryCompileExec3957005134.dir/build.make CMakeFiles/cmTryCompileExec3957005134.dir/build
make[1]: ディレクトリ `/home/yukari/catkin_ws/build/CMakeFiles/CMakeTmp' に入ります
/usr/bin/cmake -E cmake_progress_report /home/yukari/catkin_ws/build/CMakeFiles/CMakeTmp/CMakeFiles 1
Building C object CMakeFiles/cmTryCompileExec3957005134.dir/CheckFunctionExists.c.o
/usr/bin/cc   -DCHECK_FUNCTION_EXISTS=pthread_create   -o CMakeFiles/cmTryCompileExec3957005134.dir/CheckFunctionExists.c.o   -c /usr/share/cmake-2.8/Modules/CheckFunctionExists.c
Linking C executable cmTryCompileExec3957005134
/usr/bin/cmake -E cmake_link_script CMakeFiles/cmTryCompileExec3957005134.dir/link.txt --verbose=1
/usr/bin/cc   -DCHECK_FUNCTION_EXISTS=pthread_create    CMakeFiles/cmTryCompileExec3957005134.dir/CheckFunctionExists.c.o  -o cmTryCompileExec3957005134 -rdynamic -lpthreads 
/usr/bin/ld: -lpthreads が見つかりません
collect2: error: ld returned 1 exit status
make[1]: ディレクトリ `/home/yukari/catkin_ws/build/CMakeFiles/CMakeTmp' から出ます
make[1]: *** [cmTryCompileExec3957005134] エラー 1
make: *** [cmTryCompileExec3957005134/fast] エラー 2


